{"/home/afour/React Projects/file-directory-app/config/CSSStub.js": {"path":"/home/afour/React Projects/file-directory-app/config/CSSStub.js","statementMap":{"0":{"start":{"line":1,"column":0},"end":{"line":1,"column":20}}},"fnMap":{},"branchMap":{},"s":{"0":2},"f":{},"b":{},"_coverageSchema":"1a1c01bbd47fc00a2c39e90264f33305004495a9","hash":"8b691742e2a71b005e5976dcc6b3d94880eecdc6"}
,"/home/afour/React Projects/file-directory-app/src/App.tsx": {"path":"/home/afour/React Projects/file-directory-app/src/App.tsx","statementMap":{"0":{"start":{"line":1,"column":0},"end":{"line":1,"column":26}},"1":{"start":{"line":2,"column":0},"end":{"line":2,"column":19}},"2":{"start":{"line":3,"column":0},"end":{"line":3,"column":45}},"3":{"start":{"line":5,"column":12},"end":{"line":11,"column":1}},"4":{"start":{"line":6,"column":2},"end":{"line":10,"column":4}},"5":{"start":{"line":13,"column":0},"end":{"line":13,"column":19}}},"fnMap":{"0":{"name":"(anonymous_1)","decl":{"start":{"line":5,"column":12},"end":{"line":5,"column":null}},"loc":{"start":{"line":5,"column":12},"end":{"line":11,"column":1}}}},"branchMap":{},"s":{"0":1,"1":1,"2":1,"3":1,"4":1,"5":1},"f":{"0":1},"b":{}}
,"/home/afour/React Projects/file-directory-app/src/components/CommitMessage.tsx": {"path":"/home/afour/React Projects/file-directory-app/src/components/CommitMessage.tsx","statementMap":{"0":{"start":{"line":1,"column":0},"end":{"line":1,"column":26}},"1":{"start":{"line":7,"column":13},"end":{"line":9,"column":2}},"2":{"start":{"line":8,"column":2},"end":{"line":8,"column":30}},"3":{"start":{"line":10,"column":0},"end":{"line":10,"column":29}}},"fnMap":{"0":{"name":"(anonymous_1)","decl":{"start":{"line":7,"column":60},"end":{"line":7,"column":61}},"loc":{"start":{"line":7,"column":66},"end":{"line":9,"column":1}}}},"branchMap":{},"s":{"0":4,"1":4,"2":25,"3":4},"f":{"0":25},"b":{}}
,"/home/afour/React Projects/file-directory-app/src/components/FileIcon.tsx": {"path":"/home/afour/React Projects/file-directory-app/src/components/FileIcon.tsx","statementMap":{"0":{"start":{"line":1,"column":0},"end":{"line":1,"column":26}},"1":{"start":{"line":8,"column":13},"end":{"line":10,"column":2}},"2":{"start":{"line":9,"column":2},"end":{"line":9,"column":49}},"3":{"start":{"line":11,"column":0},"end":{"line":11,"column":24}}},"fnMap":{"0":{"name":"(anonymous_1)","decl":{"start":{"line":8,"column":50},"end":{"line":8,"column":51}},"loc":{"start":{"line":8,"column":56},"end":{"line":10,"column":1}}}},"branchMap":{},"s":{"0":4,"1":4,"2":25,"3":4},"f":{"0":25},"b":{}}
,"/home/afour/React Projects/file-directory-app/src/components/FileList.tsx": {"path":"/home/afour/React Projects/file-directory-app/src/components/FileList.tsx","statementMap":{"0":{"start":{"line":1,"column":0},"end":{"line":1,"column":41}},"1":{"start":{"line":2,"column":0},"end":{"line":2,"column":37}},"2":{"start":{"line":3,"column":0},"end":{"line":3,"column":42}},"3":{"start":{"line":4,"column":0},"end":{"line":4,"column":24}},"4":{"start":{"line":15,"column":0},"end":{"line":15,"column":null}},"5":{"start":{"line":15,"column":30},"end":{"line":15,"column":39}},"6":{"start":{"line":15,"column":0},"end":{"line":15,"column":13}},"7":{"start":{"line":16,"column":2},"end":{"line":28,"column":5}},"8":{"start":{"line":17,"column":4},"end":{"line":27,"column":6}},"9":{"start":{"line":30,"column":2},"end":{"line":32,"column":null}},"10":{"start":{"line":31,"column":4},"end":{"line":31,"column":32}},"11":{"start":{"line":33,"column":0},"end":{"line":33,"column":null}},"12":{"start":{"line":15,"column":13},"end":{"line":15,"column":21}},"13":{"start":{"line":35,"column":0},"end":{"line":35,"column":24}}},"fnMap":{"0":{"name":"(anonymous_8)","decl":{"start":{"line":15,"column":0},"end":{"line":15,"column":13}},"loc":{"start":{"line":15,"column":0},"end":{"line":33,"column":null}}},"1":{"name":"(anonymous_10)","decl":{"start":{"line":16,"column":22},"end":{"line":16,"column":23}},"loc":{"start":{"line":16,"column":38},"end":{"line":28,"column":3}}},"2":{"name":"(anonymous_11)","decl":{"start":{"line":30,"column":2},"end":{"line":30,"column":8}},"loc":{"start":{"line":30,"column":2},"end":{"line":32,"column":3}}}},"branchMap":{"0":{"loc":{"start":{"line":15,"column":0},"end":{"line":15,"column":13}},"type":"binary-expr","locations":[{"start":{"line":15,"column":0},"end":{"line":15,"column":13}},{"start":{"line":15,"column":0},"end":{"line":15,"column":13}},{"start":{"line":15,"column":0},"end":{"line":15,"column":13}}]}},"s":{"0":2,"1":2,"2":2,"3":2,"4":2,"5":2,"6":3,"7":3,"8":21,"9":2,"10":3,"11":2,"12":2,"13":2},"f":{"0":5,"1":21,"2":3},"b":{"0":[3,3,3]}}
,"/home/afour/React Projects/file-directory-app/src/components/FileListItem.tsx": {"path":"/home/afour/React Projects/file-directory-app/src/components/FileListItem.tsx","statementMap":{"0":{"start":{"line":1,"column":0},"end":{"line":1,"column":26}},"1":{"start":{"line":2,"column":0},"end":{"line":2,"column":34}},"2":{"start":{"line":3,"column":0},"end":{"line":3,"column":34}},"3":{"start":{"line":4,"column":0},"end":{"line":4,"column":44}},"4":{"start":{"line":5,"column":0},"end":{"line":5,"column":42}},"5":{"start":{"line":6,"column":0},"end":{"line":6,"column":39}},"6":{"start":{"line":9,"column":13},"end":{"line":14,"column":4}},"7":{"start":{"line":16,"column":21},"end":{"line":25,"column":1}},"8":{"start":{"line":17,"column":2},"end":{"line":24,"column":4}},"9":{"start":{"line":27,"column":0},"end":{"line":27,"column":28}}},"fnMap":{"0":{"name":"(anonymous_2)","decl":{"start":{"line":16,"column":21},"end":{"line":16,"column":22}},"loc":{"start":{"line":16,"column":38},"end":{"line":25,"column":1}}}},"branchMap":{"0":{"loc":{"start":{"line":9,"column":32},"end":{"line":9,"column":null}},"type":"binary-expr","locations":[{"start":{"line":9,"column":32},"end":{"line":9,"column":null}},{"start":{"line":9,"column":32},"end":{"line":14,"column":4}}]}},"s":{"0":3,"1":3,"2":3,"3":3,"4":3,"5":3,"6":3,"7":3,"8":23,"9":3},"f":{"0":23},"b":{"0":[3,3]}}
,"/home/afour/React Projects/file-directory-app/src/components/FileName.tsx": {"path":"/home/afour/React Projects/file-directory-app/src/components/FileName.tsx","statementMap":{"0":{"start":{"line":1,"column":0},"end":{"line":1,"column":26}},"1":{"start":{"line":7,"column":13},"end":{"line":9,"column":2}},"2":{"start":{"line":8,"column":2},"end":{"line":8,"column":31}},"3":{"start":{"line":10,"column":0},"end":{"line":10,"column":24}}},"fnMap":{"0":{"name":"(anonymous_1)","decl":{"start":{"line":7,"column":24},"end":{"line":7,"column":25}},"loc":{"start":{"line":7,"column":45},"end":{"line":9,"column":1}}}},"branchMap":{},"s":{"0":4,"1":4,"2":25,"3":4},"f":{"0":25},"b":{}}
,"/home/afour/React Projects/file-directory-app/src/components/TimeDuration.tsx": {"path":"/home/afour/React Projects/file-directory-app/src/components/TimeDuration.tsx","statementMap":{"0":{"start":{"line":1,"column":0},"end":{"line":1,"column":26}},"1":{"start":{"line":3,"column":0},"end":{"line":3,"column":42}},"2":{"start":{"line":4,"column":0},"end":{"line":4,"column":47}},"3":{"start":{"line":7,"column":0},"end":{"line":7,"column":22}},"4":{"start":{"line":10,"column":16},"end":{"line":10,"column":36}},"5":{"start":{"line":16,"column":51},"end":{"line":29,"column":1}},"6":{"start":{"line":17,"column":13},"end":{"line":17,"column":41}},"7":{"start":{"line":18,"column":17},"end":{"line":18,"column":29}},"8":{"start":{"line":19,"column":26},"end":{"line":19,"column":46}},"9":{"start":{"line":20,"column":27},"end":{"line":20,"column":51}},"10":{"start":{"line":22,"column":2},"end":{"line":28,"column":4}},"11":{"start":{"line":31,"column":0},"end":{"line":31,"column":28}}},"fnMap":{"0":{"name":"(anonymous_1)","decl":{"start":{"line":16,"column":51},"end":{"line":16,"column":52}},"loc":{"start":{"line":16,"column":57},"end":{"line":29,"column":1}}}},"branchMap":{"0":{"loc":{"start":{"line":25,"column":10},"end":{"line":25,"column":72}},"type":"cond-expr","locations":[{"start":{"line":25,"column":10},"end":{"line":25,"column":72}},{"start":{"line":26,"column":10},"end":{"line":26,"column":74}}]}},"s":{"0":4,"1":4,"2":4,"3":4,"4":4,"5":4,"6":25,"7":25,"8":25,"9":25,"10":25,"11":4},"f":{"0":25},"b":{"0":[22,3]}}
}
