{"/home/afour/React Projects/file-directory-app/src/components/CommitMessage.tsx": {"path":"/home/afour/React Projects/file-directory-app/src/components/CommitMessage.tsx","statementMap":{"0":{"start":{"line":1,"column":0},"end":{"line":1,"column":26}},"1":{"start":{"line":7,"column":13},"end":{"line":13,"column":null}},"2":{"start":{"line":9,"column":0},"end":{"line":11,"column":6}},"3":{"start":{"line":14,"column":0},"end":{"line":14,"column":29}}},"fnMap":{"0":{"name":"(anonymous_1)","decl":{"start":{"line":7,"column":60},"end":{"line":7,"column":61}},"loc":{"start":{"line":7,"column":66},"end":{"line":13,"column":1}}}},"branchMap":{},"s":{"0":3,"1":3,"2":18,"3":3},"f":{"0":18},"b":{}}
,"/home/afour/React Projects/file-directory-app/src/components/FileIcon.tsx": {"path":"/home/afour/React Projects/file-directory-app/src/components/FileIcon.tsx","statementMap":{"0":{"start":{"line":1,"column":0},"end":{"line":1,"column":26}},"1":{"start":{"line":9,"column":13},"end":{"line":15,"column":null}},"2":{"start":{"line":11,"column":0},"end":{"line":13,"column":6}},"3":{"start":{"line":16,"column":0},"end":{"line":16,"column":24}}},"fnMap":{"0":{"name":"(anonymous_1)","decl":{"start":{"line":9,"column":50},"end":{"line":9,"column":51}},"loc":{"start":{"line":9,"column":56},"end":{"line":15,"column":1}}}},"branchMap":{},"s":{"0":3,"1":3,"2":18,"3":3},"f":{"0":18},"b":{}}
,"/home/afour/React Projects/file-directory-app/src/components/FileList.tsx": {"path":"/home/afour/React Projects/file-directory-app/src/components/FileList.tsx","statementMap":{"0":{"start":{"line":1,"column":0},"end":{"line":1,"column":41}},"1":{"start":{"line":2,"column":0},"end":{"line":2,"column":37}},"2":{"start":{"line":3,"column":0},"end":{"line":3,"column":42}},"3":{"start":{"line":30,"column":0},"end":{"line":30,"column":null}},"4":{"start":{"line":30,"column":30},"end":{"line":30,"column":39}},"5":{"start":{"line":30,"column":0},"end":{"line":30,"column":13}},"6":{"start":{"line":40,"column":4},"end":{"line":48,"column":null}},"7":{"start":{"line":42,"column":12},"end":{"line":46,"column":18}},"8":{"start":{"line":50,"column":4},"end":{"line":56,"column":null}},"9":{"start":{"line":51,"column":8},"end":{"line":55,"column":10}},"10":{"start":{"line":58,"column":0},"end":{"line":58,"column":null}},"11":{"start":{"line":30,"column":13},"end":{"line":30,"column":21}},"12":{"start":{"line":60,"column":0},"end":{"line":60,"column":24}}},"fnMap":{"0":{"name":"(anonymous_8)","decl":{"start":{"line":30,"column":0},"end":{"line":30,"column":13}},"loc":{"start":{"line":30,"column":0},"end":{"line":58,"column":null}}},"1":{"name":"(anonymous_10)","decl":{"start":{"line":41,"column":8},"end":{"line":41,"column":9}},"loc":{"start":{"line":41,"column":24},"end":{"line":47,"column":9}}},"2":{"name":"(anonymous_11)","decl":{"start":{"line":50,"column":4},"end":{"line":50,"column":10}},"loc":{"start":{"line":50,"column":4},"end":{"line":56,"column":5}}}},"branchMap":{"0":{"loc":{"start":{"line":30,"column":0},"end":{"line":30,"column":13}},"type":"binary-expr","locations":[{"start":{"line":30,"column":0},"end":{"line":30,"column":13}},{"start":{"line":30,"column":0},"end":{"line":30,"column":13}},{"start":{"line":30,"column":0},"end":{"line":30,"column":13}}]}},"s":{"0":1,"1":1,"2":1,"3":1,"4":1,"5":2,"6":2,"7":14,"8":1,"9":2,"10":1,"11":1,"12":1},"f":{"0":3,"1":14,"2":2},"b":{"0":[2,2,2]}}
,"/home/afour/React Projects/file-directory-app/src/components/FileListItem.tsx": {"path":"/home/afour/React Projects/file-directory-app/src/components/FileListItem.tsx","statementMap":{"0":{"start":{"line":1,"column":0},"end":{"line":1,"column":26}},"1":{"start":{"line":2,"column":0},"end":{"line":2,"column":34}},"2":{"start":{"line":3,"column":0},"end":{"line":3,"column":34}},"3":{"start":{"line":4,"column":0},"end":{"line":4,"column":44}},"4":{"start":{"line":5,"column":0},"end":{"line":5,"column":42}},"5":{"start":{"line":6,"column":0},"end":{"line":6,"column":39}},"6":{"start":{"line":11,"column":13},"end":{"line":16,"column":4}},"7":{"start":{"line":18,"column":21},"end":{"line":30,"column":1}},"8":{"start":{"line":20,"column":4},"end":{"line":28,"column":6}},"9":{"start":{"line":32,"column":0},"end":{"line":32,"column":28}}},"fnMap":{"0":{"name":"(anonymous_2)","decl":{"start":{"line":18,"column":21},"end":{"line":18,"column":22}},"loc":{"start":{"line":18,"column":38},"end":{"line":30,"column":1}}}},"branchMap":{"0":{"loc":{"start":{"line":11,"column":32},"end":{"line":11,"column":null}},"type":"binary-expr","locations":[{"start":{"line":11,"column":32},"end":{"line":11,"column":null}},{"start":{"line":11,"column":32},"end":{"line":16,"column":4}}]}},"s":{"0":2,"1":2,"2":2,"3":2,"4":2,"5":2,"6":2,"7":2,"8":16,"9":2},"f":{"0":16},"b":{"0":[2,2]}}
,"/home/afour/React Projects/file-directory-app/src/components/FileName.tsx": {"path":"/home/afour/React Projects/file-directory-app/src/components/FileName.tsx","statementMap":{"0":{"start":{"line":1,"column":0},"end":{"line":1,"column":26}},"1":{"start":{"line":7,"column":13},"end":{"line":13,"column":null}},"2":{"start":{"line":9,"column":0},"end":{"line":11,"column":6}},"3":{"start":{"line":14,"column":0},"end":{"line":14,"column":24}}},"fnMap":{"0":{"name":"(anonymous_1)","decl":{"start":{"line":7,"column":24},"end":{"line":7,"column":25}},"loc":{"start":{"line":7,"column":45},"end":{"line":13,"column":1}}}},"branchMap":{},"s":{"0":3,"1":3,"2":18,"3":3},"f":{"0":18},"b":{}}
,"/home/afour/React Projects/file-directory-app/src/components/TimeDuration.tsx": {"path":"/home/afour/React Projects/file-directory-app/src/components/TimeDuration.tsx","statementMap":{"0":{"start":{"line":1,"column":0},"end":{"line":1,"column":26}},"1":{"start":{"line":3,"column":0},"end":{"line":3,"column":41}},"2":{"start":{"line":4,"column":0},"end":{"line":4,"column":46}},"3":{"start":{"line":7,"column":0},"end":{"line":7,"column":null}},"4":{"start":{"line":10,"column":16},"end":{"line":10,"column":36}},"5":{"start":{"line":17,"column":51},"end":{"line":29,"column":1}},"6":{"start":{"line":18,"column":15},"end":{"line":18,"column":43}},"7":{"start":{"line":19,"column":19},"end":{"line":19,"column":31}},"8":{"start":{"line":20,"column":28},"end":{"line":20,"column":48}},"9":{"start":{"line":21,"column":29},"end":{"line":21,"column":53}},"10":{"start":{"line":23,"column":4},"end":{"line":27,"column":13}},"11":{"start":{"line":31,"column":0},"end":{"line":31,"column":28}}},"fnMap":{"0":{"name":"(anonymous_1)","decl":{"start":{"line":17,"column":51},"end":{"line":17,"column":52}},"loc":{"start":{"line":17,"column":57},"end":{"line":29,"column":1}}}},"branchMap":{"0":{"loc":{"start":{"line":25,"column":32},"end":{"line":25,"column":96}},"type":"cond-expr","locations":[{"start":{"line":25,"column":32},"end":{"line":25,"column":96}},{"start":{"line":26,"column":9},"end":{"line":26,"column":75}}]}},"s":{"0":3,"1":3,"2":3,"3":3,"4":3,"5":3,"6":18,"7":18,"8":18,"9":18,"10":18,"11":3},"f":{"0":18},"b":{"0":[16,2]}}
}
