TN:
SF:src/components/CommitMessage.tsx
FN:7,(anonymous_1)
FNF:1
FNH:1
FNDA:18,(anonymous_1)
DA:1,3
DA:7,3
DA:9,18
DA:14,3
LF:4
LH:4
BRF:0
BRH:0
end_of_record
TN:
SF:src/components/FileIcon.tsx
FN:9,(anonymous_1)
FNF:1
FNH:1
FNDA:18,(anonymous_1)
DA:1,3
DA:9,3
DA:11,18
DA:16,3
LF:4
LH:4
BRF:0
BRH:0
end_of_record
TN:
SF:src/components/FileList.tsx
FN:30,(anonymous_8)
FN:41,(anonymous_10)
FN:50,(anonymous_11)
FNF:3
FNH:3
FNDA:3,(anonymous_8)
FNDA:14,(anonymous_10)
FNDA:2,(anonymous_11)
DA:1,1
DA:2,1
DA:3,1
DA:30,2
DA:40,2
DA:42,14
DA:50,1
DA:51,2
DA:58,1
DA:60,1
LF:10
LH:10
BRDA:30,0,0,2
BRDA:30,0,1,2
BRDA:30,0,2,2
BRF:3
BRH:3
end_of_record
TN:
SF:src/components/FileListItem.tsx
FN:18,(anonymous_2)
FNF:1
FNH:1
FNDA:16,(anonymous_2)
DA:1,2
DA:2,2
DA:3,2
DA:4,2
DA:5,2
DA:6,2
DA:11,2
DA:18,2
DA:20,16
DA:32,2
LF:10
LH:10
BRDA:11,0,0,2
BRDA:11,0,1,2
BRF:2
BRH:2
end_of_record
TN:
SF:src/components/FileName.tsx
FN:7,(anonymous_1)
FNF:1
FNH:1
FNDA:18,(anonymous_1)
DA:1,3
DA:7,3
DA:9,18
DA:14,3
LF:4
LH:4
BRF:0
BRH:0
end_of_record
TN:
SF:src/components/TimeDuration.tsx
FN:17,(anonymous_1)
FNF:1
FNH:1
FNDA:18,(anonymous_1)
DA:1,3
DA:3,3
DA:4,3
DA:7,3
DA:10,3
DA:17,3
DA:18,18
DA:19,18
DA:20,18
DA:21,18
DA:23,18
DA:31,3
LF:12
LH:12
BRDA:25,0,0,16
BRDA:25,0,1,2
BRF:2
BRH:2
end_of_record
