TN:
SF:config/CSSStub.js
FNF:0
FNH:0
DA:1,2
LF:1
LH:1
BRF:0
BRH:0
end_of_record
TN:
SF:src/App.tsx
FN:5,(anonymous_1)
FNF:1
FNH:1
FNDA:1,(anonymous_1)
DA:1,1
DA:2,1
DA:3,1
DA:5,1
DA:6,1
DA:13,1
LF:6
LH:6
BRF:0
BRH:0
end_of_record
TN:
SF:src/components/CommitMessage.tsx
FN:7,(anonymous_1)
FNF:1
FNH:1
FNDA:25,(anonymous_1)
DA:1,4
DA:7,4
DA:8,25
DA:10,4
LF:4
LH:4
BRF:0
BRH:0
end_of_record
TN:
SF:src/components/FileIcon.tsx
FN:8,(anonymous_1)
FNF:1
FNH:1
FNDA:25,(anonymous_1)
DA:1,4
DA:8,4
DA:9,25
DA:11,4
LF:4
LH:4
BRF:0
BRH:0
end_of_record
TN:
SF:src/components/FileList.tsx
FN:15,(anonymous_8)
FN:16,(anonymous_10)
FN:30,(anonymous_11)
FNF:3
FNH:3
FNDA:5,(anonymous_8)
FNDA:21,(anonymous_10)
FNDA:3,(anonymous_11)
DA:1,2
DA:2,2
DA:3,2
DA:4,2
DA:15,3
DA:16,3
DA:17,21
DA:30,2
DA:31,3
DA:33,2
DA:35,2
LF:11
LH:11
BRDA:15,0,0,3
BRDA:15,0,1,3
BRDA:15,0,2,3
BRF:3
BRH:3
end_of_record
TN:
SF:src/components/FileListItem.tsx
FN:16,(anonymous_2)
FNF:1
FNH:1
FNDA:23,(anonymous_2)
DA:1,3
DA:2,3
DA:3,3
DA:4,3
DA:5,3
DA:6,3
DA:9,3
DA:16,3
DA:17,23
DA:27,3
LF:10
LH:10
BRDA:9,0,0,3
BRDA:9,0,1,3
BRF:2
BRH:2
end_of_record
TN:
SF:src/components/FileName.tsx
FN:7,(anonymous_1)
FNF:1
FNH:1
FNDA:25,(anonymous_1)
DA:1,4
DA:7,4
DA:8,25
DA:10,4
LF:4
LH:4
BRF:0
BRH:0
end_of_record
TN:
SF:src/components/TimeDuration.tsx
FN:16,(anonymous_1)
FNF:1
FNH:1
FNDA:25,(anonymous_1)
DA:1,4
DA:3,4
DA:4,4
DA:7,4
DA:10,4
DA:16,4
DA:17,25
DA:18,25
DA:19,25
DA:20,25
DA:22,25
DA:31,4
LF:12
LH:12
BRDA:25,0,0,22
BRDA:25,0,1,3
BRF:2
BRH:2
end_of_record
